<?xml version="1.0" encoding="UTF-8"?>
<!-- Generated by org.testng.reporters.JUnitReportReporter -->
<testsuite hostname="NIT-LPT-R584" failures="0" tests="1" name="com.execution.TestExecution" time="6.528" errors="0" timestamp="2021-10-24T13:52:38 IST" skipped="0">
  <testcase classname="com.execution.TestExecution" name="test01" time="6.528"/>
  <system-out/>
</testsuite> <!-- com.execution.TestExecution -->
